<?xml version="1.0" encoding="UTF-8"?>
<!-- Generated by org.testng.reporters.JUnitXMLReporter -->
<testsuite ignored="0" hostname="G-Mendez-21" failures="0" tests="3" name="Default test" time="11.996" errors="0" timestamp="01 Jul 2023 19:43:11 GMT">
  <testcase classname="com.qa.ecommerce.tests.LoginPageTest" name="loginPageNavigationTest" time="1.516"/>
  <testcase classname="com.qa.ecommerce.tests.LoginPageTest" name="forgotPwdLinkExistTest" time="1.105"/>
  <testcase classname="com.qa.ecommerce.tests.LoginPageTest" name="appLoginTest" time="1.854"/>
</testsuite> <!-- Default test -->
