<?xml version="1.0" encoding="UTF-8"?>
<!-- Generated by org.testng.reporters.JUnitXMLReporter -->
<testsuite ignored="0" hostname="G-Mendez-21" failures="0" tests="5" name="E-Commerce Home Page Test_chrome" time="26.794" errors="0" timestamp="2023-07-05T12:47:20 EDT">
  <testcase classname="com.qa.ecommerce.tests.HomePageTest" name="homePageTitleTest" time="0.033"/>
  <testcase classname="com.qa.ecommerce.tests.HomePageTest" name="homePageURLTest" time="0.006"/>
  <testcase classname="com.qa.ecommerce.tests.HomePageTest" name="searchTest" time="5.533"/>
  <testcase classname="com.qa.ecommerce.tests.HomePageTest" name="searchTest" time="5.462"/>
  <testcase classname="com.qa.ecommerce.tests.HomePageTest" name="searchTest" time="5.543"/>
</testsuite> <!-- E-Commerce Home Page Test_chrome -->
