<?xml version="1.0" encoding="UTF-8"?>
<!-- Generated by org.testng.reporters.JUnitXMLReporter -->
<testsuite ignored="0" hostname="G-Mendez-21" failures="0" tests="5" name="E-Commerce Home Page Test" time="10.064" errors="0" timestamp="2023-07-01T18:30:14 EDT">
  <testcase classname="com.qa.ecommerce.tests.HomePageTest" name="homePageTitleTest" time="0.015"/>
  <testcase classname="com.qa.ecommerce.tests.HomePageTest" name="homePageUrlTest" time="0.002"/>
  <testcase classname="com.qa.ecommerce.tests.HomePageTest" name="searchTest" time="0.745"/>
  <testcase classname="com.qa.ecommerce.tests.HomePageTest" name="searchTest" time="0.749"/>
  <testcase classname="com.qa.ecommerce.tests.HomePageTest" name="searchTest" time="0.808"/>
</testsuite> <!-- E-Commerce Home Page Test -->
