<?xml version="1.0" encoding="UTF-8"?>
<!-- Generated by org.testng.reporters.JUnitXMLReporter -->
<testsuite ignored="0" hostname="G-Mendez-21" failures="0" tests="3" name="E-Commerce Login Page Test_edge" time="11.242" errors="0" timestamp="2023-07-05T12:47:04 EDT">
  <testcase classname="com.qa.ecommerce.tests.LoginPageTest" name="loginPageNavigationTest" time="0.659"/>
  <testcase classname="com.qa.ecommerce.tests.LoginPageTest" name="forgotPwdLinkExistTest" time="0.022"/>
  <testcase classname="com.qa.ecommerce.tests.LoginPageTest" name="appLoginTest" time="1.177"/>
</testsuite> <!-- E-Commerce Login Page Test_edge -->
