<?xml version="1.0" encoding="UTF-8"?>
<!-- Generated by org.testng.reporters.JUnitXMLReporter -->
<testsuite ignored="0" hostname="G-Mendez-21" failures="0" tests="5" name="E-Commerce Home Page Test" time="28.495" errors="0" timestamp="2023-07-04T15:45:44 EDT">
  <testcase classname="com.qa.ecommerce.tests.HomePageTest" name="homePageTitleTest" time="0.028"/>
  <testcase classname="com.qa.ecommerce.tests.HomePageTest" name="homePageURLTest" time="0.002"/>
  <testcase classname="com.qa.ecommerce.tests.HomePageTest" name="searchTest" time="5.626"/>
  <testcase classname="com.qa.ecommerce.tests.HomePageTest" name="searchTest" time="5.543"/>
  <testcase classname="com.qa.ecommerce.tests.HomePageTest" name="searchTest" time="5.54"/>
</testsuite> <!-- E-Commerce Home Page Test -->
