<?xml version="1.0" encoding="UTF-8"?>
<!-- Generated by org.testng.reporters.JUnitXMLReporter -->
<testsuite ignored="0" hostname="G-Mendez-21" failures="0" tests="3" name="E-Commerce Login Page Test" time="13.139" errors="0" timestamp="2023-07-04T15:45:29 EDT">
  <testcase classname="com.qa.ecommerce.tests.LoginPageTest" name="loginPageNavigationTest" time="0.573"/>
  <testcase classname="com.qa.ecommerce.tests.LoginPageTest" name="forgotPwdLinkExistTest" time="0.018"/>
  <testcase classname="com.qa.ecommerce.tests.LoginPageTest" name="appLoginTest" time="0.792"/>
</testsuite> <!-- E-Commerce Login Page Test -->
