<?xml version="1.0" encoding="UTF-8"?>
<!-- Generated by org.testng.reporters.JUnitXMLReporter -->
<testsuite ignored="0" hostname="G-Mendez-21" failures="0" tests="5" name="E-Commerce Home Page Test_chromium" time="29.871" errors="0" timestamp="2023-07-05T12:47:23 EDT">
  <testcase classname="com.qa.ecommerce.tests.HomePageTest" name="homePageTitleTest" time="0.011"/>
  <testcase classname="com.qa.ecommerce.tests.HomePageTest" name="homePageURLTest" time="0.001"/>
  <testcase classname="com.qa.ecommerce.tests.HomePageTest" name="searchTest" time="5.512"/>
  <testcase classname="com.qa.ecommerce.tests.HomePageTest" name="searchTest" time="5.572"/>
  <testcase classname="com.qa.ecommerce.tests.HomePageTest" name="searchTest" time="5.464"/>
</testsuite> <!-- E-Commerce Home Page Test_chromium -->
