<?xml version="1.0" encoding="UTF-8"?>
<!-- Generated by org.testng.reporters.JUnitXMLReporter -->
<testsuite ignored="0" hostname="G-Mendez-21" failures="0" tests="5" name="Test" time="9.59" errors="0" timestamp="01 Jul 2023 18:16:13 GMT">
  <testcase classname="com.qa.ecommerce.tests.HomePageTest" name="homePageTitleTest" time="0.01"/>
  <testcase classname="com.qa.ecommerce.tests.HomePageTest" name="homePageUrlTest" time="0.001"/>
  <testcase classname="com.qa.ecommerce.tests.HomePageTest" name="searchTest" time="0.973"/>
  <testcase classname="com.qa.ecommerce.tests.HomePageTest" name="searchTest" time="0.852"/>
  <testcase classname="com.qa.ecommerce.tests.HomePageTest" name="searchTest" time="0.822"/>
</testsuite> <!-- Test -->
