<?xml version="1.0" encoding="UTF-8"?>
<testsuite xmlns:xsi="http://www.w3.org/2001/XMLSchema-instance" xsi:noNamespaceSchemaLocation="https://maven.apache.org/surefire/maven-surefire-plugin/xsd/surefire-test-report.xsd" name="TestSuite" time="23.683" tests="8" errors="0" skipped="0" failures="8">
  <properties>
[...]
</properties>
  <testcase name="homePageTitleTest" classname="com.qa.ecommerce.tests.HomePageTest" time="0.004">
    <failure message="Cannot invoke &quot;com.qa.ecommerce.pages.HomePage.getHomePageTitle()&quot; because &quot;this.homePage&quot; is null" type="java.lang.NullPointerException">java.lang.NullPointerException: Cannot invoke "com.qa.ecommerce.pages.HomePage.getHomePageTitle()" because "this.homePage" is null
	at com.qa.ecommerce.tests.HomePageTest.homePageTitleTest(HomePageTest.java:14)
</failure>
    <system-out><![CDATA[browser name is : chrome
]]></system-out>
  </testcase>
  <testcase name="homePageURLTest" classname="com.qa.ecommerce.tests.HomePageTest" time="0">
    <failure message="Cannot invoke &quot;com.qa.ecommerce.pages.HomePage.getHomePageURL()&quot; because &quot;this.homePage&quot; is null" type="java.lang.NullPointerException">java.lang.NullPointerException: Cannot invoke "com.qa.ecommerce.pages.HomePage.getHomePageURL()" because "this.homePage" is null
	at com.qa.ecommerce.tests.HomePageTest.homePageURLTest(HomePageTest.java:20)
</failure>
  </testcase>
  <testcase name="searchTest" classname="com.qa.ecommerce.tests.HomePageTest" time="5.01">
    <failure message="Cannot invoke &quot;com.qa.ecommerce.pages.HomePage.doSearch(String)&quot; because &quot;this.homePage&quot; is null" type="java.lang.NullPointerException">java.lang.NullPointerException: Cannot invoke "com.qa.ecommerce.pages.HomePage.doSearch(String)" because "this.homePage" is null
	at com.qa.ecommerce.tests.HomePageTest.searchTest(HomePageTest.java:36)
</failure>
  </testcase>
  <testcase name="searchTest" classname="com.qa.ecommerce.tests.HomePageTest" time="5.009">
    <failure message="Cannot invoke &quot;com.qa.ecommerce.pages.HomePage.doSearch(String)&quot; because &quot;this.homePage&quot; is null" type="java.lang.NullPointerException">java.lang.NullPointerException: Cannot invoke "com.qa.ecommerce.pages.HomePage.doSearch(String)" because "this.homePage" is null
	at com.qa.ecommerce.tests.HomePageTest.searchTest(HomePageTest.java:36)
</failure>
  </testcase>
  <testcase name="searchTest" classname="com.qa.ecommerce.tests.HomePageTest" time="5.013">
    <failure message="Cannot invoke &quot;com.qa.ecommerce.pages.HomePage.doSearch(String)&quot; because &quot;this.homePage&quot; is null" type="java.lang.NullPointerException">java.lang.NullPointerException: Cannot invoke "com.qa.ecommerce.pages.HomePage.doSearch(String)" because "this.homePage" is null
	at com.qa.ecommerce.tests.HomePageTest.searchTest(HomePageTest.java:36)
</failure>
  </testcase>
  <testcase name="loginPageNavigationTest" classname="com.qa.ecommerce.tests.LoginPageTest" time="0">
    <failure message="Cannot invoke &quot;com.qa.ecommerce.pages.HomePage.navigateToLoginPage()&quot; because &quot;this.homePage&quot; is null" type="java.lang.NullPointerException">java.lang.NullPointerException: Cannot invoke "com.qa.ecommerce.pages.HomePage.navigateToLoginPage()" because "this.homePage" is null
	at com.qa.ecommerce.tests.LoginPageTest.loginPageNavigationTest(LoginPageTest.java:13)
</failure>
  </testcase>
  <testcase name="forgotPwdLinkExistTest" classname="com.qa.ecommerce.tests.LoginPageTest" time="0.001">
    <failure message="Cannot invoke &quot;com.qa.ecommerce.pages.LoginPage.isForgotPwdLinkExist()&quot; because &quot;this.loginPage&quot; is null" type="java.lang.NullPointerException">java.lang.NullPointerException: Cannot invoke "com.qa.ecommerce.pages.LoginPage.isForgotPwdLinkExist()" because "this.loginPage" is null
	at com.qa.ecommerce.tests.LoginPageTest.forgotPwdLinkExistTest(LoginPageTest.java:21)
</failure>
  </testcase>
  <testcase name="appLoginTest" classname="com.qa.ecommerce.tests.LoginPageTest" time="0.001">
    <failure message="Cannot invoke &quot;java.util.Properties.getProperty(String)&quot; because &quot;this.prop&quot; is null" type="java.lang.NullPointerException">java.lang.NullPointerException: Cannot invoke "java.util.Properties.getProperty(String)" because "this.prop" is null
	at com.qa.ecommerce.tests.LoginPageTest.appLoginTest(LoginPageTest.java:26)
</failure>
  </testcase>
</testsuite>