<?xml version="1.0" encoding="UTF-8"?>
<testng-results ignored="0" total="8" passed="7" failed="1" skipped="0">
  <reporter-output>
  </reporter-output>
  <suite started-at="2023-07-01T18:30:04 EDT" name="E-Commerce Test Regression Playwright Suite" finished-at="2023-07-01T18:30:15 EDT" duration-ms="10810">
    <groups>
    </groups>
    <test started-at="2023-07-01T18:30:04 EDT" name="E-Commerce Home Page Test" finished-at="2023-07-01T18:30:14 EDT" duration-ms="10064">
      <class name="com.qa.ecommerce.tests.HomePageTest">
        <test-method is-config="true" signature="setup()[pri:0, instance:com.qa.ecommerce.tests.HomePageTest@6239aba6]" started-at="2023-07-01T18:30:04 EDT" name="setup" finished-at="2023-07-01T18:30:12 EDT" duration-ms="7592" status="PASS">
          <reporter-output>
          </reporter-output>
        </test-method> <!-- setup -->
        <test-method signature="homePageTitleTest()[pri:0, instance:com.qa.ecommerce.tests.HomePageTest@6239aba6]" started-at="2023-07-01T18:30:12 EDT" name="homePageTitleTest" finished-at="2023-07-01T18:30:12 EDT" duration-ms="15" status="PASS">
          <reporter-output>
          </reporter-output>
        </test-method> <!-- homePageTitleTest -->
        <test-method signature="homePageUrlTest()[pri:0, instance:com.qa.ecommerce.tests.HomePageTest@6239aba6]" started-at="2023-07-01T18:30:12 EDT" name="homePageUrlTest" finished-at="2023-07-01T18:30:12 EDT" duration-ms="2" status="PASS">
          <reporter-output>
          </reporter-output>
        </test-method> <!-- homePageUrlTest -->
        <test-method signature="searchTest(java.lang.String)[pri:0, instance:com.qa.ecommerce.tests.HomePageTest@6239aba6]" started-at="2023-07-01T18:30:12 EDT" name="searchTest" data-provider="getProductData" finished-at="2023-07-01T18:30:13 EDT" duration-ms="745" status="PASS">
          <params>
            <param index="0">
              <value>
                <![CDATA[beanie]]>
              </value>
            </param>
          </params>
          <reporter-output>
          </reporter-output>
        </test-method> <!-- searchTest -->
        <test-method signature="searchTest(java.lang.String)[pri:0, instance:com.qa.ecommerce.tests.HomePageTest@6239aba6]" started-at="2023-07-01T18:30:13 EDT" name="searchTest" data-provider="getProductData" finished-at="2023-07-01T18:30:13 EDT" duration-ms="749" status="PASS">
          <params>
            <param index="0">
              <value>
                <![CDATA[logo]]>
              </value>
            </param>
          </params>
          <reporter-output>
          </reporter-output>
        </test-method> <!-- searchTest -->
        <test-method signature="searchTest(java.lang.String)[pri:0, instance:com.qa.ecommerce.tests.HomePageTest@6239aba6]" started-at="2023-07-01T18:30:13 EDT" name="searchTest" data-provider="getProductData" finished-at="2023-07-01T18:30:14 EDT" duration-ms="808" status="PASS">
          <params>
            <param index="0">
              <value>
                <![CDATA[shirt]]>
              </value>
            </param>
          </params>
          <reporter-output>
          </reporter-output>
        </test-method> <!-- searchTest -->
        <test-method is-config="true" signature="tearDown()[pri:0, instance:com.qa.ecommerce.tests.HomePageTest@6239aba6]" started-at="2023-07-01T18:30:14 EDT" name="tearDown" finished-at="2023-07-01T18:30:14 EDT" duration-ms="50" status="PASS">
          <reporter-output>
          </reporter-output>
        </test-method> <!-- tearDown -->
      </class> <!-- com.qa.ecommerce.tests.HomePageTest -->
    </test> <!-- E-Commerce Home Page Test -->
    <test started-at="2023-07-01T18:30:04 EDT" name="E-Commerce Login Page Test" finished-at="2023-07-01T18:30:15 EDT" duration-ms="10810">
      <class name="com.qa.ecommerce.tests.LoginPageTest">
        <test-method is-config="true" signature="setup()[pri:0, instance:com.qa.ecommerce.tests.LoginPageTest@5f9be66c]" started-at="2023-07-01T18:30:04 EDT" name="setup" finished-at="2023-07-01T18:30:11 EDT" duration-ms="6866" status="PASS">
          <reporter-output>
          </reporter-output>
        </test-method> <!-- setup -->
        <test-method signature="loginPageNavigationTest()[pri:1, instance:com.qa.ecommerce.tests.LoginPageTest@5f9be66c]" started-at="2023-07-01T18:30:11 EDT" name="loginPageNavigationTest" finished-at="2023-07-01T18:30:12 EDT" duration-ms="1300" status="FAIL">
          <exception class="java.lang.AssertionError">
            <message>
              <![CDATA[expected [My account – Live Store789] but found [My account – Live Store]]]>
            </message>
            <full-stacktrace>
              <![CDATA[java.lang.AssertionError: expected [My account – Live Store789] but found [My account – Live Store]
at org.testng.Assert.fail(Assert.java:99)
at org.testng.Assert.failNotEquals(Assert.java:1037)
at org.testng.Assert.assertEqualsImpl(Assert.java:140)
at org.testng.Assert.assertEquals(Assert.java:122)
at org.testng.Assert.assertEquals(Assert.java:629)
at org.testng.Assert.assertEquals(Assert.java:639)
at com.qa.ecommerce.tests.LoginPageTest.loginPageNavigationTest(LoginPageTest.java:16)
at java.base/jdk.internal.reflect.NativeMethodAccessorImpl.invoke0(Native Method)
at java.base/jdk.internal.reflect.NativeMethodAccessorImpl.invoke(NativeMethodAccessorImpl.java:77)
at java.base/jdk.internal.reflect.DelegatingMethodAccessorImpl.invoke(DelegatingMethodAccessorImpl.java:43)
at java.base/java.lang.reflect.Method.invoke(Method.java:568)
at org.testng.internal.MethodInvocationHelper.invokeMethod(MethodInvocationHelper.java:133)
at org.testng.internal.TestInvoker.invokeMethod(TestInvoker.java:598)
at org.testng.internal.TestInvoker.invokeTestMethod(TestInvoker.java:173)
at org.testng.internal.MethodRunner.runInSequence(MethodRunner.java:46)
at org.testng.internal.TestInvoker$MethodInvocationAgent.invoke(TestInvoker.java:824)
at org.testng.internal.TestInvoker.invokeTestMethods(TestInvoker.java:146)
at org.testng.internal.TestMethodWorker.invokeTestMethods(TestMethodWorker.java:146)
at org.testng.internal.TestMethodWorker.run(TestMethodWorker.java:128)
at java.base/java.util.ArrayList.forEach(ArrayList.java:1511)
at org.testng.TestRunner.privateRun(TestRunner.java:794)
at org.testng.TestRunner.run(TestRunner.java:596)
at org.testng.SuiteRunner.runTest(SuiteRunner.java:377)
at org.testng.SuiteRunner.access$000(SuiteRunner.java:28)
at org.testng.SuiteRunner$SuiteWorker.run(SuiteRunner.java:418)
at org.testng.internal.thread.ThreadUtil.lambda$execute$0(ThreadUtil.java:64)
at java.base/java.util.concurrent.FutureTask.run(FutureTask.java:264)
at java.base/java.util.concurrent.ThreadPoolExecutor.runWorker(ThreadPoolExecutor.java:1136)
at java.base/java.util.concurrent.ThreadPoolExecutor$Worker.run(ThreadPoolExecutor.java:635)
at java.base/java.lang.Thread.run(Thread.java:833)
]]>
            </full-stacktrace>
          </exception> <!-- java.lang.AssertionError -->
          <reporter-output>
          </reporter-output>
        </test-method> <!-- loginPageNavigationTest -->
        <test-method signature="forgotPwdLinkExistTest()[pri:2, instance:com.qa.ecommerce.tests.LoginPageTest@5f9be66c]" started-at="2023-07-01T18:30:13 EDT" name="forgotPwdLinkExistTest" finished-at="2023-07-01T18:30:14 EDT" duration-ms="824" status="PASS">
          <reporter-output>
          </reporter-output>
        </test-method> <!-- forgotPwdLinkExistTest -->
        <test-method signature="appLoginTest()[pri:3, instance:com.qa.ecommerce.tests.LoginPageTest@5f9be66c]" started-at="2023-07-01T18:30:14 EDT" name="appLoginTest" finished-at="2023-07-01T18:30:15 EDT" duration-ms="1483" status="PASS">
          <reporter-output>
          </reporter-output>
        </test-method> <!-- appLoginTest -->
        <test-method is-config="true" signature="tearDown()[pri:0, instance:com.qa.ecommerce.tests.LoginPageTest@5f9be66c]" started-at="2023-07-01T18:30:15 EDT" name="tearDown" finished-at="2023-07-01T18:30:15 EDT" duration-ms="44" status="PASS">
          <reporter-output>
          </reporter-output>
        </test-method> <!-- tearDown -->
      </class> <!-- com.qa.ecommerce.tests.LoginPageTest -->
    </test> <!-- E-Commerce Login Page Test -->
  </suite> <!-- E-Commerce Test Regression Playwright Suite -->
</testng-results>
